<?xml version="1.0" encoding="UTF-8" standalone="no"?>
<!DOCTYPE log SYSTEM "logger.dtd">
<log>
<record>
  <date>2018-03-28T09:30:47</date>
  <millis>1522251047391</millis>
  <sequence>0</sequence>
  <logger>ferreteria_las_vegas.utils.LoggerManager</logger>
  <level>INFO</level>
  <class>ferreteria_las_vegas.utils.LoggerManager</class>
  <method>Open</method>
  <thread>13</thread>
  <message>App Start</message>
</record>
<record>
  <date>2018-03-28T09:31:04</date>
  <millis>1522251064990</millis>
  <sequence>3</sequence>
  <logger>ferreteria_las_vegas.utils.LoggerManager</logger>
  <level>INFO</level>
  <class>ferreteria_las_vegas.utils.LoggerManager</class>
  <method>Close</method>
  <thread>13</thread>
  <message>App Close</message>
</record>
</log>
